2026-05-20 15:33:27 | INFO     | __main__:38 — ── System Info ──────────────────────────────────────────────
2026-05-20 15:33:27 | INFO     | __main__:40 —   os              : Windows 11
2026-05-20 15:33:27 | INFO     | __main__:40 —   python          : 3.12.8
2026-05-20 15:33:27 | INFO     | __main__:40 —   cpu_cores       : 12
2026-05-20 15:33:27 | INFO     | __main__:40 —   ram_gb          : 15.6
2026-05-20 15:33:27 | INFO     | __main__:40 —   ram_avail_gb    : 1.4
2026-05-20 15:33:27 | INFO     | __main__:41 — ────────────────────────────────────────────────────────────
2026-05-20 15:33:27 | INFO     | __main__:48 — STEP 1 — Generate 5M rows → Parquet
2026-05-20 15:33:27 | INFO     | src.timer:28 — [START] generate_and_write_parquet
2026-05-20 15:42:27 | INFO     | __main__:38 — ── System Info ──────────────────────────────────────────────
2026-05-20 15:42:27 | INFO     | __main__:40 —   os              : Windows 11
2026-05-20 15:42:27 | INFO     | __main__:40 —   python          : 3.12.8
2026-05-20 15:42:27 | INFO     | __main__:40 —   cpu_cores       : 12
2026-05-20 15:42:27 | INFO     | __main__:40 —   ram_gb          : 15.6
2026-05-20 15:42:27 | INFO     | __main__:40 —   ram_avail_gb    : 0.8
2026-05-20 15:42:27 | INFO     | __main__:41 — ────────────────────────────────────────────────────────────
2026-05-20 15:42:27 | INFO     | __main__:48 — STEP 1 — Generate 5M rows → Parquet
2026-05-20 15:42:27 | INFO     | src.timer:28 — [START] generate_and_write_parquet
2026-05-20 15:45:36 | INFO     | src.generator.data_generator:103 —   Progress: 1,000,000 / 5,000,000 rows (20%)
2026-05-20 15:49:18 | INFO     | src.generator.data_generator:103 —   Progress: 2,000,000 / 5,000,000 rows (40%)
2026-05-20 15:51:01 | INFO     | src.generator.data_generator:103 —   Progress: 3,000,000 / 5,000,000 rows (60%)
2026-05-20 15:52:41 | INFO     | src.generator.data_generator:103 —   Progress: 4,000,000 / 5,000,000 rows (80%)
2026-05-20 15:54:23 | INFO     | src.generator.data_generator:103 —   Progress: 5,000,000 / 5,000,000 rows (100%)
2026-05-20 15:54:23 | INFO     | src.timer:37 — [END]   generate_and_write_parquet — 715.60s | RAM delta: +73.0 MB
2026-05-20 15:54:23 | SUCCESS  | src.generator.data_generator:114 — Parquet written → transactions.parquet | 381.9 MB | 5,000,000 rows
2026-05-20 15:54:23 | INFO     | __main__:56 — STEP 2 — Read Parquet
2026-05-20 15:54:23 | INFO     | src.timer:28 — [START] read_parquet
2026-05-20 15:54:30 | INFO     | src.timer:37 — [END]   read_parquet — 7.87s | RAM delta: +1875.5 MB
2026-05-20 15:54:30 | INFO     | src.reader.parquet_reader:21 — Loaded 5,000,000 rows × 12 columns
2026-05-20 15:54:30 | INFO     | __main__:58 — STEP 3 — Aggregate summaries
2026-05-20 15:54:30 | INFO     | src.timer:28 — [START] aggregate_summaries
2026-05-20 15:54:34 | INFO     | src.timer:37 — [END]   aggregate_summaries — 3.88s | RAM delta: +1.7 MB
2026-05-20 15:54:34 | SUCCESS  | src.reader.parquet_reader:82 — Aggregations complete — 7 summaries built.
2026-05-20 15:54:35 | INFO     | src.timer:52 — Metrics saved → C:\Public Bank\poc\data\performance_metrics.json
2026-05-20 15:54:35 | SUCCESS  | __main__:85 — ────────────────────────────────────────────────────────────
2026-05-20 15:54:35 | SUCCESS  | __main__:86 — PIPELINE COMPLETE
2026-05-20 15:54:35 | SUCCESS  | __main__:89 —   generate_and_write_parquet                 715.60s
2026-05-20 15:54:35 | SUCCESS  | __main__:89 —   read_parquet                               7.87s
2026-05-20 15:54:35 | SUCCESS  | __main__:89 —   aggregate_summaries                        3.88s
2026-05-20 15:54:35 | SUCCESS  | __main__:90 — ────────────────────────────────────────────────────────────
2026-05-20 15:54:35 | INFO     | __main__:91 — Next: python src/dashboard/app.py
2026-05-20 16:05:04 | INFO     | src.dashboard.assets:30 — plotly.min.js copied to static folder (3536 KB) — serving offline
2026-05-20 16:05:04 | INFO     | __main__:106 — Dashboard → http://0.0.0.0:5000
2026-05-20 16:05:22 | INFO     | __main__:40 — Loading data into dashboard cache…
2026-05-20 16:05:22 | INFO     | src.timer:28 — [START] read_parquet
2026-05-20 16:05:37 | INFO     | src.timer:37 — [END]   read_parquet — 14.98s | RAM delta: +1934.9 MB
2026-05-20 16:05:37 | INFO     | src.reader.parquet_reader:21 — Loaded 5,000,000 rows × 12 columns
2026-05-20 16:05:37 | INFO     | src.timer:28 — [START] aggregate_summaries
2026-05-20 16:05:46 | INFO     | src.timer:37 — [END]   aggregate_summaries — 9.15s | RAM delta: +1.9 MB
2026-05-20 16:05:46 | SUCCESS  | src.reader.parquet_reader:82 — Aggregations complete — 7 summaries built.
2026-05-20 16:05:48 | SUCCESS  | __main__:48 — Dashboard cache ready.
2026-05-20 17:12:27 | INFO     | __main__:106 — Dashboard → http://0.0.0.0:5000
2026-05-20 17:12:38 | INFO     | __main__:40 — Loading data into dashboard cache…
2026-05-20 17:12:38 | INFO     | src.timer:28 — [START] read_parquet
2026-05-20 17:12:51 | INFO     | __main__:40 — Loading data into dashboard cache…
2026-05-20 17:12:51 | INFO     | src.timer:37 — [END]   read_parquet — 12.58s | RAM delta: +1304.0 MB
2026-05-20 17:12:51 | INFO     | src.timer:28 — [START] read_parquet
2026-05-20 17:12:51 | INFO     | src.reader.parquet_reader:21 — Loaded 5,000,000 rows × 12 columns
2026-05-20 17:12:51 | INFO     | src.timer:28 — [START] aggregate_summaries
2026-05-20 17:13:04 | INFO     | src.timer:37 — [END]   read_parquet — 12.97s | RAM delta: +1638.6 MB
2026-05-20 17:13:04 | INFO     | src.reader.parquet_reader:21 — Loaded 5,000,000 rows × 12 columns
2026-05-20 17:13:04 | INFO     | src.timer:28 — [START] aggregate_summaries
2026-05-20 17:13:09 | INFO     | __main__:40 — Loading data into dashboard cache…
2026-05-20 17:13:09 | INFO     | src.timer:28 — [START] read_parquet
2026-05-20 17:13:27 | INFO     | src.timer:37 — [END]   read_parquet — 17.92s | RAM delta: +513.2 MB
2026-05-20 17:13:27 | INFO     | src.reader.parquet_reader:21 — Loaded 5,000,000 rows × 12 columns
2026-05-20 17:13:27 | INFO     | src.timer:28 — [START] aggregate_summaries
2026-05-20 17:13:32 | INFO     | src.timer:37 — [END]   aggregate_summaries — 41.63s | RAM delta: +3243.7 MB
2026-05-20 17:13:33 | SUCCESS  | src.reader.parquet_reader:82 — Aggregations complete — 7 summaries built.
2026-05-20 17:13:34 | INFO     | src.timer:37 — [END]   aggregate_summaries — 30.75s | RAM delta: +1789.5 MB
2026-05-20 17:13:34 | SUCCESS  | src.reader.parquet_reader:82 — Aggregations complete — 7 summaries built.
2026-05-20 17:13:36 | SUCCESS  | __main__:48 — Dashboard cache ready.
2026-05-20 17:13:38 | SUCCESS  | __main__:48 — Dashboard cache ready.
2026-05-20 17:13:40 | INFO     | src.timer:37 — [END]   aggregate_summaries — 12.73s | RAM delta: -1871.1 MB
2026-05-20 17:13:40 | SUCCESS  | src.reader.parquet_reader:82 — Aggregations complete — 7 summaries built.
2026-05-20 17:13:43 | SUCCESS  | __main__:48 — Dashboard cache ready.
2026-05-20 17:18:12 | INFO     | __main__:106 — Dashboard → http://0.0.0.0:5000
2026-05-20 17:18:17 | INFO     | __main__:40 — Loading data into dashboard cache…
2026-05-20 17:18:17 | INFO     | src.timer:28 — [START] read_parquet
2026-05-20 17:18:42 | INFO     | src.timer:37 — [END]   read_parquet — 25.18s | RAM delta: +1895.2 MB
2026-05-20 17:18:42 | INFO     | src.reader.parquet_reader:21 — Loaded 5,000,000 rows × 12 columns
2026-05-20 17:18:42 | INFO     | src.timer:28 — [START] aggregate_summaries
2026-05-20 17:18:48 | INFO     | src.timer:37 — [END]   aggregate_summaries — 6.34s | RAM delta: +3.1 MB
2026-05-20 17:18:48 | SUCCESS  | src.reader.parquet_reader:82 — Aggregations complete — 7 summaries built.
2026-05-20 17:18:50 | SUCCESS  | __main__:48 — Dashboard cache ready.
2026-05-20 17:38:49 | INFO     | __main__:38 — ── System Info ──────────────────────────────────────────────
2026-05-20 17:38:49 | INFO     | __main__:40 —   os              : Windows 11
2026-05-20 17:38:49 | INFO     | __main__:40 —   python          : 3.12.8
2026-05-20 17:38:49 | INFO     | __main__:40 —   cpu_cores       : 12
2026-05-20 17:38:49 | INFO     | __main__:40 —   ram_gb          : 15.6
2026-05-20 17:38:49 | INFO     | __main__:40 —   ram_avail_gb    : 3.6
2026-05-20 17:38:49 | INFO     | __main__:41 — ────────────────────────────────────────────────────────────
2026-05-20 17:38:49 | INFO     | __main__:48 — STEP 1 — Generate 5M rows → Parquet
2026-05-20 17:38:49 | INFO     | src.timer:29 — [START] generate_and_write_parquet
2026-05-21 09:00:52 | INFO     | src.timer:39 — [END]   generate_and_write_parquet — 55324.88s | RAM delta: +747.9 MB | CPU: 1.3%
2026-05-21 09:00:52 | SUCCESS  | src.generator.data_generator:114 — Parquet written → transactions.parquet | 381.9 MB | 5,000,000 rows
2026-05-21 09:00:52 | INFO     | __main__:56 — STEP 2 — Read Parquet
2026-05-21 09:00:52 | INFO     | src.timer:29 — [START] read_parquet
2026-05-21 09:00:59 | INFO     | src.timer:39 — [END]   read_parquet — 7.53s | RAM delta: +1854.1 MB | CPU: 156.5%
2026-05-21 09:00:59 | INFO     | src.reader.parquet_reader:21 — Loaded 5,000,000 rows × 12 columns
2026-05-21 09:00:59 | INFO     | __main__:58 — STEP 3 — Aggregate summaries
2026-05-21 09:00:59 | INFO     | src.timer:29 — [START] aggregate_summaries
2026-05-21 09:01:03 | INFO     | src.timer:39 — [END]   aggregate_summaries — 4.04s | RAM delta: +2.7 MB | CPU: 96.9%
2026-05-21 09:01:03 | SUCCESS  | src.reader.parquet_reader:82 — Aggregations complete — 7 summaries built.
2026-05-21 09:01:04 | INFO     | src.timer:55 — Metrics saved → C:\Public Bank\poc\data\performance_metrics.json
2026-05-21 09:01:04 | SUCCESS  | __main__:85 — ────────────────────────────────────────────────────────────
2026-05-21 09:01:04 | SUCCESS  | __main__:86 — PIPELINE COMPLETE
2026-05-21 09:01:04 | SUCCESS  | __main__:89 —   generate_and_write_parquet                 55324.88s
2026-05-21 09:01:04 | SUCCESS  | __main__:89 —   read_parquet                               7.53s
2026-05-21 09:01:04 | SUCCESS  | __main__:89 —   aggregate_summaries                        4.04s
2026-05-21 09:01:04 | SUCCESS  | __main__:90 — ────────────────────────────────────────────────────────────
2026-05-21 09:01:04 | INFO     | __main__:91 — Next: python src/dashboard/app.py
