2026-05-21 09:22:19 | INFO     | __main__:38 — ── System Info ──────────────────────────────────────────────
2026-05-21 09:22:19 | INFO     | __main__:40 —   os              : Windows 11
2026-05-21 09:22:19 | INFO     | __main__:40 —   python          : 3.12.8
2026-05-21 09:22:19 | INFO     | __main__:40 —   cpu_cores       : 12
2026-05-21 09:22:19 | INFO     | __main__:40 —   ram_gb          : 15.6
2026-05-21 09:22:19 | INFO     | __main__:40 —   ram_avail_gb    : 3.1
2026-05-21 09:22:19 | INFO     | __main__:41 — ────────────────────────────────────────────────────────────
2026-05-21 09:22:19 | INFO     | __main__:48 — STEP 1 — Generate 5M rows → Parquet
2026-05-21 09:22:19 | INFO     | src.timer:29 — [START] generate_and_write_parquet
2026-05-21 09:32:52 | INFO     | src.generator.data_generator:103 —   Progress: 5,000,000 / 5,000,000 rows (100%)
2026-05-21 09:32:52 | INFO     | src.timer:39 — [END]   generate_and_write_parquet — 633.00s | RAM delta: +212.4 MB | CPU: 95.9%
2026-05-21 09:32:52 | SUCCESS  | src.generator.data_generator:114 — Parquet written → transactions.parquet | 381.9 MB | 5,000,000 rows
2026-05-21 09:32:52 | INFO     | __main__:56 — STEP 2 — Read Parquet
2026-05-21 09:32:52 | INFO     | src.timer:29 — [START] read_parquet
2026-05-21 09:33:02 | INFO     | src.timer:39 — [END]   read_parquet — 10.19s | RAM delta: +1855.2 MB | CPU: 142.2%
2026-05-21 09:33:02 | INFO     | src.reader.parquet_reader:21 — Loaded 5,000,000 rows × 12 columns
2026-05-21 09:33:02 | INFO     | __main__:58 — STEP 3 — Aggregate summaries
2026-05-21 09:33:02 | INFO     | src.timer:29 — [START] aggregate_summaries
2026-05-21 09:33:08 | INFO     | src.timer:39 — [END]   aggregate_summaries — 5.25s | RAM delta: +3.0 MB | CPU: 95.2%
2026-05-21 09:33:08 | SUCCESS  | src.reader.parquet_reader:82 — Aggregations complete — 7 summaries built.
2026-05-21 09:33:08 | INFO     | src.timer:55 — Metrics saved → C:\Public Bank\poc\data\performance_metrics.json
2026-05-21 09:33:08 | SUCCESS  | __main__:85 — ────────────────────────────────────────────────────────────
2026-05-21 09:33:08 | SUCCESS  | __main__:86 — PIPELINE COMPLETE
2026-05-21 09:33:08 | SUCCESS  | __main__:89 —   generate_and_write_parquet                 633.00s
2026-05-21 09:33:08 | SUCCESS  | __main__:89 —   read_parquet                               10.19s
2026-05-21 09:33:08 | SUCCESS  | __main__:89 —   aggregate_summaries                        5.25s
2026-05-21 09:33:08 | SUCCESS  | __main__:90 — ────────────────────────────────────────────────────────────
2026-05-21 09:33:08 | INFO     | __main__:91 — Next: python src/dashboard/app.py
2026-05-21 10:15:56 | INFO     | __main__:111 — Dashboard → http://0.0.0.0:5000
2026-05-21 10:16:03 | INFO     | __main__:40 — Loading data into dashboard cache…
2026-05-21 10:16:03 | INFO     | src.timer:29 — [START] read_parquet
2026-05-21 10:16:20 | INFO     | src.timer:39 — [END]   read_parquet — 16.84s | RAM delta: +1895.5 MB | CPU: 143.4%
2026-05-21 10:16:20 | INFO     | src.reader.parquet_reader:21 — Loaded 5,000,000 rows × 12 columns
2026-05-21 10:16:20 | INFO     | src.timer:29 — [START] aggregate_summaries
2026-05-21 10:16:29 | INFO     | src.timer:39 — [END]   aggregate_summaries — 8.84s | RAM delta: +1.0 MB | CPU: 96.5%
2026-05-21 10:16:29 | SUCCESS  | src.reader.parquet_reader:82 — Aggregations complete — 7 summaries built.
2026-05-21 10:16:31 | SUCCESS  | __main__:48 — Dashboard cache ready.
2026-05-21 10:23:33 | INFO     | __main__:106 — Dashboard → http://0.0.0.0:5000
2026-05-21 10:24:09 | INFO     | __main__:40 — Loading data into dashboard cache…
2026-05-21 10:24:09 | INFO     | src.timer:29 — [START] read_parquet
2026-05-21 10:24:28 | INFO     | src.timer:39 — [END]   read_parquet — 18.75s | RAM delta: +1915.0 MB | CPU: 140.8%
2026-05-21 10:24:28 | INFO     | src.reader.parquet_reader:21 — Loaded 5,000,000 rows × 12 columns
2026-05-21 10:24:28 | INFO     | src.timer:29 — [START] aggregate_summaries
2026-05-21 10:24:41 | INFO     | src.timer:39 — [END]   aggregate_summaries — 13.00s | RAM delta: +3.0 MB | CPU: 96.4%
2026-05-21 10:24:41 | SUCCESS  | src.reader.parquet_reader:82 — Aggregations complete — 7 summaries built.
2026-05-21 10:24:44 | SUCCESS  | __main__:48 — Dashboard cache ready.
2026-05-21 10:28:33 | INFO     | __main__:106 — Dashboard → http://0.0.0.0:5000
2026-05-21 10:28:37 | INFO     | __main__:40 — Loading data into dashboard cache…
2026-05-21 10:28:37 | INFO     | src.timer:29 — [START] read_parquet
2026-05-21 10:28:55 | INFO     | src.timer:39 — [END]   read_parquet — 17.86s | RAM delta: +1924.8 MB | CPU: 143.3%
2026-05-21 10:28:55 | INFO     | src.reader.parquet_reader:21 — Loaded 5,000,000 rows × 12 columns
2026-05-21 10:28:55 | INFO     | src.timer:29 — [START] aggregate_summaries
2026-05-21 10:29:01 | INFO     | __main__:40 — Loading data into dashboard cache…
2026-05-21 10:29:01 | INFO     | src.timer:29 — [START] read_parquet
2026-05-21 10:29:20 | INFO     | src.timer:39 — [END]   read_parquet — 18.78s | RAM delta: +509.8 MB | CPU: 142.6%
2026-05-21 10:29:20 | INFO     | src.reader.parquet_reader:21 — Loaded 5,000,000 rows × 12 columns
2026-05-21 10:29:20 | INFO     | src.timer:29 — [START] aggregate_summaries
2026-05-21 10:29:28 | INFO     | src.timer:39 — [END]   aggregate_summaries — 33.33s | RAM delta: +1818.3 MB | CPU: 126.4%
2026-05-21 10:29:28 | SUCCESS  | src.reader.parquet_reader:82 — Aggregations complete — 7 summaries built.
2026-05-21 10:29:33 | SUCCESS  | __main__:48 — Dashboard cache ready.
2026-05-21 10:29:35 | INFO     | src.timer:39 — [END]   aggregate_summaries — 14.56s | RAM delta: -898.0 MB | CPU: 123.7%
2026-05-21 10:29:35 | SUCCESS  | src.reader.parquet_reader:82 — Aggregations complete — 7 summaries built.
2026-05-21 10:29:37 | SUCCESS  | __main__:48 — Dashboard cache ready.
